<?xml version="1.0" encoding="UTF-8"?>
<testng-results ignored="0" total="3" passed="3" failed="0" skipped="0">
  <reporter-output>
  </reporter-output>
  <suite started-at="2024-01-18T15:35:27 IST" name="Suite" finished-at="2024-01-18T15:36:16 IST" duration-ms="48878">
    <groups>
    </groups>
    <test started-at="2024-01-18T15:35:27 IST" name="EdgeTest" finished-at="2024-01-18T15:35:57 IST" duration-ms="29529">
      <class name="lambdatest.LambdaTestDemo">
        <test-method signature="loginTestDemo(java.lang.String,java.lang.String,java.lang.String)[pri:0, instance:lambdatest.LambdaTestDemo@388526fb]" started-at="2024-01-18T15:35:27 IST" name="loginTestDemo" finished-at="2024-01-18T15:35:57 IST" duration-ms="29404" status="PASS">
          <params>
            <param index="0">
              <value>
                <![CDATA[Edge]]>
              </value>
            </param>
            <param index="1">
              <value>
                <![CDATA[119.0]]>
              </value>
            </param>
            <param index="2">
              <value>
                <![CDATA[Windows 11]]>
              </value>
            </param>
          </params>
          <reporter-output>
          </reporter-output>
        </test-method> <!-- loginTestDemo -->
      </class> <!-- lambdatest.LambdaTestDemo -->
    </test> <!-- EdgeTest -->
    <test started-at="2024-01-18T15:35:27 IST" name="ChromeTest" finished-at="2024-01-18T15:36:12 IST" duration-ms="44666">
      <class name="lambdatest.LambdaTestDemo">
        <test-method signature="loginTestDemo(java.lang.String,java.lang.String,java.lang.String)[pri:0, instance:lambdatest.LambdaTestDemo@336f1079]" started-at="2024-01-18T15:35:27 IST" name="loginTestDemo" finished-at="2024-01-18T15:36:12 IST" duration-ms="44543" status="PASS">
          <params>
            <param index="0">
              <value>
                <![CDATA[Chrome]]>
              </value>
            </param>
            <param index="1">
              <value>
                <![CDATA[121.0]]>
              </value>
            </param>
            <param index="2">
              <value>
                <![CDATA[Windows 11]]>
              </value>
            </param>
          </params>
          <reporter-output>
          </reporter-output>
        </test-method> <!-- loginTestDemo -->
      </class> <!-- lambdatest.LambdaTestDemo -->
    </test> <!-- ChromeTest -->
    <test started-at="2024-01-18T15:35:27 IST" name="FirefoxTest" finished-at="2024-01-18T15:36:16 IST" duration-ms="48878">
      <class name="lambdatest.LambdaTestDemo">
        <test-method signature="loginTestDemo(java.lang.String,java.lang.String,java.lang.String)[pri:0, instance:lambdatest.LambdaTestDemo@2ea6e30c]" started-at="2024-01-18T15:35:27 IST" name="loginTestDemo" finished-at="2024-01-18T15:36:16 IST" duration-ms="48754" status="PASS">
          <params>
            <param index="0">
              <value>
                <![CDATA[Firefox]]>
              </value>
            </param>
            <param index="1">
              <value>
                <![CDATA[121.0]]>
              </value>
            </param>
            <param index="2">
              <value>
                <![CDATA[Windows 11]]>
              </value>
            </param>
          </params>
          <reporter-output>
          </reporter-output>
        </test-method> <!-- loginTestDemo -->
      </class> <!-- lambdatest.LambdaTestDemo -->
    </test> <!-- FirefoxTest -->
  </suite> <!-- Suite -->
</testng-results>
